\\mac\home\desktop\nim\nim\debug\nim.pdb
\\mac\home\desktop\nim\nim\debug\vc142.pdb
\\mac\home\desktop\nim\nim\debug\udp_recv.obj
\\mac\home\desktop\nim\nim\debug\passivesock.obj
\\mac\home\desktop\nim\nim\debug\nim.obj
\\mac\home\desktop\nim\nim\debug\server_main.obj
\\mac\home\desktop\nim\nim\debug\udp_send.obj
\\mac\home\desktop\nim\nim\debug\wait.obj
\\mac\home\desktop\nim\nim\debug\getbroadcastaddress.obj
\\mac\home\desktop\nim\nim\debug\playnim.obj
\\mac\home\desktop\nim\nim\debug\connectsock.obj
\\mac\home\desktop\nim\nim\debug\client_main.obj
\\mac\home\desktop\nim\nim\debug\getservers.obj
\\mac\home\desktop\nim\nim\debug\nim.ilk
\\mac\home\desktop\nim\nim\debug\vc142.idb
\\mac\home\desktop\nim\nim\debug\nim.tlog\link.read.1.tlog
\\mac\home\desktop\nim\nim\debug\nim.tlog\link.command.1.tlog
\\mac\home\desktop\nim\nim\debug\nim.tlog\link.write.1.tlog
\\mac\home\desktop\nim\nim\debug\nim.tlog\cl.command.1.tlog
\\mac\home\desktop\nim\nim\debug\nim.tlog\cl.write.1.tlog
